2021-04-19 20:41:19 +0200
avior dis, version 0.1.0 - tarantula
pushed \\vdr-u\SDuRec\Recording\Die Zauberflöte von Mozart_2021-04-18-23-48-00-arte HD (AC3,deu).ts to PHOENIX with 1/200 job(s) and priority 0

2021-04-19 20:42:41 +0200
avior dis, version 0.1.0 - tarantula
pushed \\vdr-u\SDuRec\Recording\exists\Geheimnisvolle Wildblumen_2021-04-10-14-58-01-arte HD (AC3,deu).ts to PHOENIX with 0/200 job(s) and priority 0
pushed \\vdr-u\SDuRec\Recording\exists\Geheimnisvolle Wildblumen_2021-04-10-14-58-01-arte HD (AC3,deu).ts to PHOENIX with 1/200 job(s) and priority 0
pushed \\vdr-u\SDuRec\Recording\Die Zauberflöte von Mozart_2021-04-18-23-48-00-arte HD (AC3,deu).ts to PHOENIX with 2/200 job(s) and priority 0

2021-07-22 12:30:54 +0200
avior dis, version 0.1.0 - tarantula
The system cannot find the file specified. (os error 2)

2021-07-22 12:34:20 +0200
avior dis, version 0.1.0 - tarantula
The system cannot find the file specified. (os error 2)

2021-07-22 12:35:37 +0200
avior dis, version 0.1.0 - tarantula
The system cannot find the file specified. (os error 2)

2021-07-22 16:04:08 +0200
avior dis, version 0.1.0 - tarantula
The system cannot find the path specified. (os error 3)

2021-07-22 16:04:59 +0200
avior dis, version 0.1.0 - tarantula
pushing \\vdr-u\SDuRec\Recording\Abenteuer Äquator_2021-06-20-12-08-19-arte HD (AC3,deu).ts to PHOENIX with 0/200 job(s) and priority 0
pushing \\vdr-u\SDuRec\Recording\Ausgebremst II - Der 50. Geburtstag_2021-05-31-02-03-00-Das Erste HD (AC3,deu).ts to PHOENIX with 1/200 job(s) and priority 0
pushing \\vdr-u\SDuRec\Recording\Bares für Rares_2021-06-22-18-43-04-zdf_neo HD (AC3,ger).ts to PHOENIX with 2/200 job(s) and priority 0
pushing \\vdr-u\SDuRec\Recording\Bares für Rares_2021-06-22-19-26-30-zdf_neo HD (AC3,ger).ts to PHOENIX with 3/200 job(s) and priority 0
pushing \\vdr-u\SDuRec\Recording\Bares für Rares_2021-06-22-19-28-33-zdf_neo HD (AC3,ger).ts to PHOENIX with 4/200 job(s) and priority 0
pushing \\vdr-u\SDuRec\Recording\Beethoven  Symphonie Nr. 5_2021-06-06-16-58-00-arte HD (AC3,deu).ts to PHOENIX with 5/200 job(s) and priority 0
pushing \\vdr-u\SDuRec\Recording\Burgen - Steinerne Macht_2021-06-20-18-01-04-ZDFinfo HD (AC3,ger).ts to PHOENIX with 6/200 job(s) and priority 0
pushing \\vdr-u\SDuRec\Recording\Burgen - Steinerne Macht_2021-06-20-18-34-06-ZDFinfo HD (AC3,ger).ts to PHOENIX with 7/200 job(s) and priority 0
pushing \\vdr-u\SDuRec\Recording\Captain Fantastic  Einmal Wildnis und zurück_2021-06-20-20-13-19-arte HD (AC3,deu).ts to PHOENIX with 8/200 job(s) and priority 0
pushing \\vdr-u\SDuRec\Recording\Captain Fantastic  Einmal Wildnis und zurück_2021-06-20-20-41-23-arte HD (AC3,deu).ts to PHOENIX with 9/200 job(s) and priority 0
pushing \\vdr-u\SDuRec\Recording\Der letzte Zeuge_2021-05-28-13-48-20-arte HD (AC3,deu).ts to PHOENIX with 10/200 job(s) and priority 0
pushing \\vdr-u\SDuRec\Recording\Der letzte Zeuge_2021-06-07-13-43-20-arte HD (AC3,deu).ts to PHOENIX with 11/200 job(s) and priority 0
pushing \\vdr-u\SDuRec\Recording\Der Schwammerlkönig (4)_2021-06-22-21-58-00-BR Süd HD (AC3,deu).ts to PHOENIX with 12/200 job(s) and priority 0
pushing \\vdr-u\SDuRec\Recording\Gewalt und Kannibalismus_2021-06-19-23-33-21-arte HD (AC3,deu).ts to PHOENIX with 13/200 job(s) and priority 0
pushing \\vdr-u\SDuRec\Recording\Hollywood s Best Film Directors (1)_2021-06-21-11-03-01-Einsfestival HD (AC3,deu).ts to PHOENIX with 14/200 job(s) and priority 0
pushing \\vdr-u\SDuRec\Recording\Hollywood s Best Film Directors_2021-06-20-05-48-20-Einsfestival HD (AC3,deu).ts to PHOENIX with 15/200 job(s) and priority 0
pushing \\vdr-u\SDuRec\Recording\I Am Mother_2021-05-01-02-41-01-RTL2.ts to PHOENIX with 16/200 job(s) and priority 0
pushing \\vdr-u\SDuRec\Recording\I Am Mother_2021-05-01-03-53-07-RTL2.ts to PHOENIX with 17/200 job(s) and priority 0
pushing \\vdr-u\SDuRec\Recording\Jodie Foster - Hollywoods Alleskönnerin_2021-06-20-08-48-21-arte HD (AC3,deu).ts to PHOENIX with 18/200 job(s) and priority 0
pushing \\vdr-u\SDuRec\Recording\Liebe_2021-06-06-23-58-00-Das Erste HD (AC3,deu).ts to PHOENIX with 19/200 job(s) and priority 0
pushing \\vdr-u\SDuRec\Recording\Meister des Alltags (154)_2021-06-21-10-48-29-Das Erste HD (AC3,deu).ts to PHOENIX with 20/200 job(s) and priority 0
pushing \\vdr-u\SDuRec\Recording\Morden im Norden (1)_2021-06-14-16-13-00-Einsfestival HD (AC3,deu).ts to PHOENIX with 21/200 job(s) and priority 0
pushing \\vdr-u\SDuRec\Recording\Passengers_2020-08-03-00-23-01-RTL Television (AC3).mpg to PHOENIX with 22/200 job(s) and priority 0
pushing \\vdr-u\SDuRec\Recording\Rituale der Welt  (4 15)_2021-06-18-17-18-19-arte HD (AC3,deu).ts to PHOENIX with 23/200 job(s) and priority 0
pushing \\vdr-u\SDuRec\Recording\Rituale der Welt  (4 15)_2021-06-21-15-28-00-arte HD (AC3,deu).ts to PHOENIX with 24/200 job(s) and priority 0
pushing \\vdr-u\SDuRec\Recording\Rituale der Welt  (4 15)_2021-06-25-06-33-19-arte HD (AC3,deu).ts to PHOENIX with 25/200 job(s) and priority 0
pushing \\vdr-u\SDuRec\Recording\Rituale der Welt  (7 15)_2021-06-14-04-13-00-arte HD (AC3,deu).ts to PHOENIX with 26/200 job(s) and priority 0
pushing \\vdr-u\SDuRec\Recording\Schwaben & Altbayern_2021-06-20-17-58-24-BR Süd HD (AC3,deu).ts to PHOENIX with 27/200 job(s) and priority 0
pushing \\vdr-u\SDuRec\Recording\Streit um Identität_2021-06-20-17-31-02-Das Erste HD (AC3,deu).ts to PHOENIX with 28/200 job(s) and priority 0
pushing \\vdr-u\SDuRec\Recording\Streit um Identität_2021-06-20-17-45-00-Das Erste HD (AC3,deu).ts to PHOENIX with 29/200 job(s) and priority 0
pushing \\vdr-u\SDuRec\Recording\Sturm der Liebe (3625)_2021-06-21-15-27-23-Das Erste HD (AC3,deu).ts to PHOENIX with 30/200 job(s) and priority 0
pushing \\vdr-u\SDuRec\Recording\Super Duper Alice Cooper_2021-06-20-02-33-00-arte HD (AC3,deu).ts to PHOENIX with 31/200 job(s) and priority 0
pushing \\vdr-u\SDuRec\Recording\The Bank Hacker_2021-06-19-01-58-00-zdf_neo HD (AC3,ger).ts to PHOENIX with 32/200 job(s) and priority 0
pushing \\vdr-u\SDuRec\Recording\The Bank Hacker_2021-06-19-04-58-01-zdf_neo HD (AC3,ger).ts to PHOENIX with 33/200 job(s) and priority 0
pushing \\vdr-u\SDuRec\Recording\Upright (1 8)_2021-06-19-23-33-20-Einsfestival HD (AC3,deu).ts to PHOENIX with 34/200 job(s) and priority 0
pushing \\vdr-u\SDuRec\Recording\Upright (2 8)_2021-06-20-00-03-01-Einsfestival HD (AC3,deu).ts to PHOENIX with 35/200 job(s) and priority 0
pushing \\vdr-u\SDuRec\Recording\Upright (3 8)_2021-06-20-00-28-00-Einsfestival HD (AC3,deu).ts to PHOENIX with 36/200 job(s) and priority 0
pushing \\vdr-u\SDuRec\Recording\Upright (4 8)_2021-06-20-00-58-00-Einsfestival HD (AC3,deu).ts to PHOENIX with 37/200 job(s) and priority 0
pushing \\vdr-u\SDuRec\Recording\Upright (5 8)_2021-06-20-01-23-00-Einsfestival HD (AC3,deu).ts to PHOENIX with 38/200 job(s) and priority 0
pushing \\vdr-u\SDuRec\Recording\Upright (6 8)_2021-06-20-01-53-00-Einsfestival HD (AC3,deu).ts to PHOENIX with 39/200 job(s) and priority 0
pushing \\vdr-u\SDuRec\Recording\Upright (7 8)_2021-06-20-02-23-00-Einsfestival HD (AC3,deu).ts to PHOENIX with 40/200 job(s) and priority 0
pushing \\vdr-u\SDuRec\Recording\Upright (8 8)_2021-06-20-02-53-00-Einsfestival HD (AC3,deu).ts to PHOENIX with 41/200 job(s) and priority 0
pushing \\vdr-u\SDuRec\Recording\WaPo Bodensee (17)_2021-06-19-16-43-20-NDR FS HH HD (AC3,deu).ts to PHOENIX with 42/200 job(s) and priority 0
pushing \\vdr-u\SDuRec\Recording\WaPo Bodensee (22)_2021-06-22-18-48-01-Das Erste HD (AC3,deu).ts to PHOENIX with 43/200 job(s) and priority 0
pushing \\vdr-u\SDuRec\Recording\WaPo Bodensee (22)_2021-06-22-19-23-54-Das Erste HD (AC3,deu).ts to PHOENIX with 44/200 job(s) and priority 0
pushing \\vdr-u\SDuRec\Recording\Wildes Dänemark_2021-06-04-10-58-19-arte HD (AC3,deu).ts to PHOENIX with 45/200 job(s) and priority 0
pushing \\vdr-u\SDuRec\Recording\World of Freesports_2021-06-20-17-31-08-ServusTV HD Deutschland (AC3).ts to PHOENIX with 46/200 job(s) and priority 0
pushing \\vdr-u\SDuRec\Recording\World of Freesports_2021-06-20-17-45-01-ServusTV HD Deutschland (AC3).ts to PHOENIX with 47/200 job(s) and priority 0
pushing \\vdr-u\SDuRec\Recording\Zahlen schreiben Geschichte_2021-06-20-06-18-00-arte HD (AC3,deu).ts to PHOENIX with 48/200 job(s) and priority 0
pushing \\vdr-u\SDuRec\Recording\Zahlen schreiben Geschichte_2021-06-20-06-48-01-arte HD (AC3,deu).ts to PHOENIX with 49/200 job(s) and priority 0

2021-07-22 16:07:33 +0200
avior dis, version 0.1.0 - tarantula

2021-07-22 16:10:18 +0200
avior dis, version 0.1.0 - tarantula
scan directory: \\vdr-u\SDuRec\Recording
database up to date

2021-07-22 16:16:24 +0200
avior dis, version 0.1.0 - tarantula
scan directory: \\vdr-u\SDuRec\Recording
database already up to date

2021-07-22 16:16:56 +0200
avior dis, version 0.1.0 - tarantula
scan directory: \\vdr-u\SDuRec\Recording
database already up to date

2021-07-22 16:19:41 +0200
avior dis, version 0.1.0 - tarantula
scan directory: \\vdr-u\SDuRec\Recording
database already up to date

2021-07-22 16:19:57 +0200
avior dis, version 0.1.0 - tarantula
scan directory: \\vdr-u\SDuRec\Recording
pushing \\vdr-u\SDuRec\Recording\Abenteuer Äquator_2021-06-20-12-08-19-arte HD (AC3,deu).ts to PHOENIX with 50/200 job(s) and priority 0
pushing \\vdr-u\SDuRec\Recording\Ausgebremst II - Der 50. Geburtstag_2021-05-31-02-03-00-Das Erste HD (AC3,deu).ts to PHOENIX with 51/200 job(s) and priority 0
pushing \\vdr-u\SDuRec\Recording\Bares für Rares_2021-06-22-18-43-04-zdf_neo HD (AC3,ger).ts to PHOENIX with 52/200 job(s) and priority 0
pushing \\vdr-u\SDuRec\Recording\Bares für Rares_2021-06-22-19-26-30-zdf_neo HD (AC3,ger).ts to PHOENIX with 53/200 job(s) and priority 0
pushing \\vdr-u\SDuRec\Recording\Bares für Rares_2021-06-22-19-28-33-zdf_neo HD (AC3,ger).ts to PHOENIX with 54/200 job(s) and priority 0
pushing \\vdr-u\SDuRec\Recording\Beethoven  Symphonie Nr. 5_2021-06-06-16-58-00-arte HD (AC3,deu).ts to PHOENIX with 55/200 job(s) and priority 0
pushing \\vdr-u\SDuRec\Recording\Burgen - Steinerne Macht_2021-06-20-18-01-04-ZDFinfo HD (AC3,ger).ts to PHOENIX with 56/200 job(s) and priority 0
pushing \\vdr-u\SDuRec\Recording\Burgen - Steinerne Macht_2021-06-20-18-34-06-ZDFinfo HD (AC3,ger).ts to PHOENIX with 57/200 job(s) and priority 0
pushing \\vdr-u\SDuRec\Recording\Captain Fantastic  Einmal Wildnis und zurück_2021-06-20-20-13-19-arte HD (AC3,deu).ts to PHOENIX with 58/200 job(s) and priority 0
pushing \\vdr-u\SDuRec\Recording\Captain Fantastic  Einmal Wildnis und zurück_2021-06-20-20-41-23-arte HD (AC3,deu).ts to PHOENIX with 59/200 job(s) and priority 0
pushing \\vdr-u\SDuRec\Recording\Der letzte Zeuge_2021-05-28-13-48-20-arte HD (AC3,deu).ts to PHOENIX with 60/200 job(s) and priority 0
pushing \\vdr-u\SDuRec\Recording\Der letzte Zeuge_2021-06-07-13-43-20-arte HD (AC3,deu).ts to PHOENIX with 61/200 job(s) and priority 0
pushing \\vdr-u\SDuRec\Recording\Der Schwammerlkönig (4)_2021-06-22-21-58-00-BR Süd HD (AC3,deu).ts to PHOENIX with 62/200 job(s) and priority 0
pushing \\vdr-u\SDuRec\Recording\Gewalt und Kannibalismus_2021-06-19-23-33-21-arte HD (AC3,deu).ts to PHOENIX with 63/200 job(s) and priority 0
pushing \\vdr-u\SDuRec\Recording\Hollywood s Best Film Directors (1)_2021-06-21-11-03-01-Einsfestival HD (AC3,deu).ts to PHOENIX with 64/200 job(s) and priority 0
pushing \\vdr-u\SDuRec\Recording\Hollywood s Best Film Directors_2021-06-20-05-48-20-Einsfestival HD (AC3,deu).ts to PHOENIX with 65/200 job(s) and priority 0
pushing \\vdr-u\SDuRec\Recording\I Am Mother_2021-05-01-02-41-01-RTL2.ts to PHOENIX with 66/200 job(s) and priority 0
pushing \\vdr-u\SDuRec\Recording\I Am Mother_2021-05-01-03-53-07-RTL2.ts to PHOENIX with 67/200 job(s) and priority 0
pushing \\vdr-u\SDuRec\Recording\Jodie Foster - Hollywoods Alleskönnerin_2021-06-20-08-48-21-arte HD (AC3,deu).ts to PHOENIX with 68/200 job(s) and priority 0
pushing \\vdr-u\SDuRec\Recording\Liebe_2021-06-06-23-58-00-Das Erste HD (AC3,deu).ts to PHOENIX with 69/200 job(s) and priority 0
pushing \\vdr-u\SDuRec\Recording\Meister des Alltags (154)_2021-06-21-10-48-29-Das Erste HD (AC3,deu).ts to PHOENIX with 70/200 job(s) and priority 0
pushing \\vdr-u\SDuRec\Recording\Morden im Norden (1)_2021-06-14-16-13-00-Einsfestival HD (AC3,deu).ts to PHOENIX with 71/200 job(s) and priority 0
pushing \\vdr-u\SDuRec\Recording\Passengers_2020-08-03-00-23-01-RTL Television (AC3).mpg to PHOENIX with 72/200 job(s) and priority 0
pushing \\vdr-u\SDuRec\Recording\Rituale der Welt  (4 15)_2021-06-18-17-18-19-arte HD (AC3,deu).ts to PHOENIX with 73/200 job(s) and priority 0
pushing \\vdr-u\SDuRec\Recording\Rituale der Welt  (4 15)_2021-06-21-15-28-00-arte HD (AC3,deu).ts to PHOENIX with 74/200 job(s) and priority 0
pushing \\vdr-u\SDuRec\Recording\Rituale der Welt  (4 15)_2021-06-25-06-33-19-arte HD (AC3,deu).ts to PHOENIX with 75/200 job(s) and priority 0
pushing \\vdr-u\SDuRec\Recording\Rituale der Welt  (7 15)_2021-06-14-04-13-00-arte HD (AC3,deu).ts to PHOENIX with 76/200 job(s) and priority 0
pushing \\vdr-u\SDuRec\Recording\Schwaben & Altbayern_2021-06-20-17-58-24-BR Süd HD (AC3,deu).ts to PHOENIX with 77/200 job(s) and priority 0
pushing \\vdr-u\SDuRec\Recording\Streit um Identität_2021-06-20-17-31-02-Das Erste HD (AC3,deu).ts to PHOENIX with 78/200 job(s) and priority 0
pushing \\vdr-u\SDuRec\Recording\Streit um Identität_2021-06-20-17-45-00-Das Erste HD (AC3,deu).ts to PHOENIX with 79/200 job(s) and priority 0
pushing \\vdr-u\SDuRec\Recording\Sturm der Liebe (3625)_2021-06-21-15-27-23-Das Erste HD (AC3,deu).ts to PHOENIX with 80/200 job(s) and priority 0
pushing \\vdr-u\SDuRec\Recording\Super Duper Alice Cooper_2021-06-20-02-33-00-arte HD (AC3,deu).ts to PHOENIX with 81/200 job(s) and priority 0
pushing \\vdr-u\SDuRec\Recording\The Bank Hacker_2021-06-19-01-58-00-zdf_neo HD (AC3,ger).ts to PHOENIX with 82/200 job(s) and priority 0
pushing \\vdr-u\SDuRec\Recording\The Bank Hacker_2021-06-19-04-58-01-zdf_neo HD (AC3,ger).ts to PHOENIX with 83/200 job(s) and priority 0
pushing \\vdr-u\SDuRec\Recording\Upright (1 8)_2021-06-19-23-33-20-Einsfestival HD (AC3,deu).ts to PHOENIX with 84/200 job(s) and priority 0
pushing \\vdr-u\SDuRec\Recording\Upright (2 8)_2021-06-20-00-03-01-Einsfestival HD (AC3,deu).ts to PHOENIX with 85/200 job(s) and priority 0
pushing \\vdr-u\SDuRec\Recording\Upright (3 8)_2021-06-20-00-28-00-Einsfestival HD (AC3,deu).ts to PHOENIX with 86/200 job(s) and priority 0
pushing \\vdr-u\SDuRec\Recording\Upright (4 8)_2021-06-20-00-58-00-Einsfestival HD (AC3,deu).ts to PHOENIX with 87/200 job(s) and priority 0
pushing \\vdr-u\SDuRec\Recording\Upright (5 8)_2021-06-20-01-23-00-Einsfestival HD (AC3,deu).ts to PHOENIX with 88/200 job(s) and priority 0
pushing \\vdr-u\SDuRec\Recording\Upright (6 8)_2021-06-20-01-53-00-Einsfestival HD (AC3,deu).ts to PHOENIX with 89/200 job(s) and priority 0
pushing \\vdr-u\SDuRec\Recording\Upright (7 8)_2021-06-20-02-23-00-Einsfestival HD (AC3,deu).ts to PHOENIX with 90/200 job(s) and priority 0
pushing \\vdr-u\SDuRec\Recording\Upright (8 8)_2021-06-20-02-53-00-Einsfestival HD (AC3,deu).ts to PHOENIX with 91/200 job(s) and priority 0
pushing \\vdr-u\SDuRec\Recording\WaPo Bodensee (17)_2021-06-19-16-43-20-NDR FS HH HD (AC3,deu).ts to PHOENIX with 92/200 job(s) and priority 0
pushing \\vdr-u\SDuRec\Recording\WaPo Bodensee (22)_2021-06-22-18-48-01-Das Erste HD (AC3,deu).ts to PHOENIX with 93/200 job(s) and priority 0
pushing \\vdr-u\SDuRec\Recording\WaPo Bodensee (22)_2021-06-22-19-23-54-Das Erste HD (AC3,deu).ts to PHOENIX with 94/200 job(s) and priority 0
pushing \\vdr-u\SDuRec\Recording\Wildes Dänemark_2021-06-04-10-58-19-arte HD (AC3,deu).ts to PHOENIX with 95/200 job(s) and priority 0
pushing \\vdr-u\SDuRec\Recording\World of Freesports_2021-06-20-17-31-08-ServusTV HD Deutschland (AC3).ts to PHOENIX with 96/200 job(s) and priority 0
pushing \\vdr-u\SDuRec\Recording\World of Freesports_2021-06-20-17-45-01-ServusTV HD Deutschland (AC3).ts to PHOENIX with 97/200 job(s) and priority 0
pushing \\vdr-u\SDuRec\Recording\Zahlen schreiben Geschichte_2021-06-20-06-18-00-arte HD (AC3,deu).ts to PHOENIX with 98/200 job(s) and priority 0
pushing \\vdr-u\SDuRec\Recording\Zahlen schreiben Geschichte_2021-06-20-06-48-01-arte HD (AC3,deu).ts to PHOENIX with 99/200 job(s) and priority 0

2021-07-22 16:25:59 +0200
avior dis, version 0.1.0 - tarantula
scan directory: \\vdr-u\SDuRec\Recording
pushing \\vdr-u\SDuRec\Recording\Abenteuer Äquator_2021-06-20-12-08-19-arte HD (AC3,deu).ts to PHOENIX with 0/200 job(s) and priority 1
pushing \\vdr-u\SDuRec\Recording\Ausgebremst II - Der 50. Geburtstag_2021-05-31-02-03-00-Das Erste HD (AC3,deu).ts to PHOENIX with 1/200 job(s) and priority 1
pushing \\vdr-u\SDuRec\Recording\Bares für Rares_2021-06-22-18-43-04-zdf_neo HD (AC3,ger).ts to PHOENIX with 2/200 job(s) and priority 1
pushing \\vdr-u\SDuRec\Recording\Bares für Rares_2021-06-22-19-26-30-zdf_neo HD (AC3,ger).ts to PHOENIX with 3/200 job(s) and priority 1
pushing \\vdr-u\SDuRec\Recording\Bares für Rares_2021-06-22-19-28-33-zdf_neo HD (AC3,ger).ts to PHOENIX with 4/200 job(s) and priority 1
pushing \\vdr-u\SDuRec\Recording\Beethoven  Symphonie Nr. 5_2021-06-06-16-58-00-arte HD (AC3,deu).ts to PHOENIX with 5/200 job(s) and priority 1
pushing \\vdr-u\SDuRec\Recording\Burgen - Steinerne Macht_2021-06-20-18-01-04-ZDFinfo HD (AC3,ger).ts to PHOENIX with 6/200 job(s) and priority 1
pushing \\vdr-u\SDuRec\Recording\Burgen - Steinerne Macht_2021-06-20-18-34-06-ZDFinfo HD (AC3,ger).ts to PHOENIX with 7/200 job(s) and priority 1
pushing \\vdr-u\SDuRec\Recording\Captain Fantastic  Einmal Wildnis und zurück_2021-06-20-20-13-19-arte HD (AC3,deu).ts to PHOENIX with 8/200 job(s) and priority 1
pushing \\vdr-u\SDuRec\Recording\Captain Fantastic  Einmal Wildnis und zurück_2021-06-20-20-41-23-arte HD (AC3,deu).ts to PHOENIX with 9/200 job(s) and priority 1
pushing \\vdr-u\SDuRec\Recording\Der letzte Zeuge_2021-05-28-13-48-20-arte HD (AC3,deu).ts to PHOENIX with 10/200 job(s) and priority 1
pushing \\vdr-u\SDuRec\Recording\Der letzte Zeuge_2021-06-07-13-43-20-arte HD (AC3,deu).ts to PHOENIX with 11/200 job(s) and priority 1
pushing \\vdr-u\SDuRec\Recording\Der Schwammerlkönig (4)_2021-06-22-21-58-00-BR Süd HD (AC3,deu).ts to PHOENIX with 12/200 job(s) and priority 1
pushing \\vdr-u\SDuRec\Recording\Gewalt und Kannibalismus_2021-06-19-23-33-21-arte HD (AC3,deu).ts to PHOENIX with 13/200 job(s) and priority 1
pushing \\vdr-u\SDuRec\Recording\Hollywood s Best Film Directors (1)_2021-06-21-11-03-01-Einsfestival HD (AC3,deu).ts to PHOENIX with 14/200 job(s) and priority 1
pushing \\vdr-u\SDuRec\Recording\Hollywood s Best Film Directors_2021-06-20-05-48-20-Einsfestival HD (AC3,deu).ts to PHOENIX with 15/200 job(s) and priority 1
pushing \\vdr-u\SDuRec\Recording\I Am Mother_2021-05-01-02-41-01-RTL2.ts to PHOENIX with 16/200 job(s) and priority 1
pushing \\vdr-u\SDuRec\Recording\I Am Mother_2021-05-01-03-53-07-RTL2.ts to PHOENIX with 17/200 job(s) and priority 1
pushing \\vdr-u\SDuRec\Recording\Jodie Foster - Hollywoods Alleskönnerin_2021-06-20-08-48-21-arte HD (AC3,deu).ts to PHOENIX with 18/200 job(s) and priority 1
pushing \\vdr-u\SDuRec\Recording\Liebe_2021-06-06-23-58-00-Das Erste HD (AC3,deu).ts to PHOENIX with 19/200 job(s) and priority 1
pushing \\vdr-u\SDuRec\Recording\Meister des Alltags (154)_2021-06-21-10-48-29-Das Erste HD (AC3,deu).ts to PHOENIX with 20/200 job(s) and priority 1
pushing \\vdr-u\SDuRec\Recording\Morden im Norden (1)_2021-06-14-16-13-00-Einsfestival HD (AC3,deu).ts to PHOENIX with 21/200 job(s) and priority 1
pushing \\vdr-u\SDuRec\Recording\Passengers_2020-08-03-00-23-01-RTL Television (AC3).mpg to PHOENIX with 22/200 job(s) and priority 1
pushing \\vdr-u\SDuRec\Recording\Rituale der Welt  (4 15)_2021-06-18-17-18-19-arte HD (AC3,deu).ts to PHOENIX with 23/200 job(s) and priority 1
pushing \\vdr-u\SDuRec\Recording\Rituale der Welt  (4 15)_2021-06-21-15-28-00-arte HD (AC3,deu).ts to PHOENIX with 24/200 job(s) and priority 1
pushing \\vdr-u\SDuRec\Recording\Rituale der Welt  (4 15)_2021-06-25-06-33-19-arte HD (AC3,deu).ts to PHOENIX with 25/200 job(s) and priority 1
pushing \\vdr-u\SDuRec\Recording\Rituale der Welt  (7 15)_2021-06-14-04-13-00-arte HD (AC3,deu).ts to PHOENIX with 26/200 job(s) and priority 1
pushing \\vdr-u\SDuRec\Recording\Schwaben & Altbayern_2021-06-20-17-58-24-BR Süd HD (AC3,deu).ts to PHOENIX with 27/200 job(s) and priority 1
pushing \\vdr-u\SDuRec\Recording\Streit um Identität_2021-06-20-17-31-02-Das Erste HD (AC3,deu).ts to PHOENIX with 28/200 job(s) and priority 1
pushing \\vdr-u\SDuRec\Recording\Streit um Identität_2021-06-20-17-45-00-Das Erste HD (AC3,deu).ts to PHOENIX with 29/200 job(s) and priority 1
pushing \\vdr-u\SDuRec\Recording\Sturm der Liebe (3625)_2021-06-21-15-27-23-Das Erste HD (AC3,deu).ts to PHOENIX with 30/200 job(s) and priority 1
pushing \\vdr-u\SDuRec\Recording\Super Duper Alice Cooper_2021-06-20-02-33-00-arte HD (AC3,deu).ts to PHOENIX with 31/200 job(s) and priority 1
pushing \\vdr-u\SDuRec\Recording\The Bank Hacker_2021-06-19-01-58-00-zdf_neo HD (AC3,ger).ts to PHOENIX with 32/200 job(s) and priority 1
pushing \\vdr-u\SDuRec\Recording\The Bank Hacker_2021-06-19-04-58-01-zdf_neo HD (AC3,ger).ts to PHOENIX with 33/200 job(s) and priority 1
pushing \\vdr-u\SDuRec\Recording\Upright (1 8)_2021-06-19-23-33-20-Einsfestival HD (AC3,deu).ts to PHOENIX with 34/200 job(s) and priority 1
pushing \\vdr-u\SDuRec\Recording\Upright (2 8)_2021-06-20-00-03-01-Einsfestival HD (AC3,deu).ts to PHOENIX with 35/200 job(s) and priority 1
pushing \\vdr-u\SDuRec\Recording\Upright (3 8)_2021-06-20-00-28-00-Einsfestival HD (AC3,deu).ts to PHOENIX with 36/200 job(s) and priority 1
pushing \\vdr-u\SDuRec\Recording\Upright (4 8)_2021-06-20-00-58-00-Einsfestival HD (AC3,deu).ts to PHOENIX with 37/200 job(s) and priority 1
pushing \\vdr-u\SDuRec\Recording\Upright (5 8)_2021-06-20-01-23-00-Einsfestival HD (AC3,deu).ts to PHOENIX with 38/200 job(s) and priority 1
pushing \\vdr-u\SDuRec\Recording\Upright (6 8)_2021-06-20-01-53-00-Einsfestival HD (AC3,deu).ts to PHOENIX with 39/200 job(s) and priority 1
pushing \\vdr-u\SDuRec\Recording\Upright (7 8)_2021-06-20-02-23-00-Einsfestival HD (AC3,deu).ts to PHOENIX with 40/200 job(s) and priority 1
pushing \\vdr-u\SDuRec\Recording\Upright (8 8)_2021-06-20-02-53-00-Einsfestival HD (AC3,deu).ts to PHOENIX with 41/200 job(s) and priority 1
pushing \\vdr-u\SDuRec\Recording\WaPo Bodensee (17)_2021-06-19-16-43-20-NDR FS HH HD (AC3,deu).ts to PHOENIX with 42/200 job(s) and priority 1
pushing \\vdr-u\SDuRec\Recording\WaPo Bodensee (22)_2021-06-22-18-48-01-Das Erste HD (AC3,deu).ts to PHOENIX with 43/200 job(s) and priority 1
pushing \\vdr-u\SDuRec\Recording\WaPo Bodensee (22)_2021-06-22-19-23-54-Das Erste HD (AC3,deu).ts to PHOENIX with 44/200 job(s) and priority 1
pushing \\vdr-u\SDuRec\Recording\Wildes Dänemark_2021-06-04-10-58-19-arte HD (AC3,deu).ts to PHOENIX with 45/200 job(s) and priority 1
pushing \\vdr-u\SDuRec\Recording\World of Freesports_2021-06-20-17-31-08-ServusTV HD Deutschland (AC3).ts to PHOENIX with 46/200 job(s) and priority 1
pushing \\vdr-u\SDuRec\Recording\World of Freesports_2021-06-20-17-45-01-ServusTV HD Deutschland (AC3).ts to PHOENIX with 47/200 job(s) and priority 1
pushing \\vdr-u\SDuRec\Recording\Zahlen schreiben Geschichte_2021-06-20-06-18-00-arte HD (AC3,deu).ts to PHOENIX with 48/200 job(s) and priority 1
pushing \\vdr-u\SDuRec\Recording\Zahlen schreiben Geschichte_2021-06-20-06-48-01-arte HD (AC3,deu).ts to PHOENIX with 49/200 job(s) and priority 1

2021-07-22 16:26:07 +0200
avior dis, version 0.1.0 - tarantula
scan directory: \\vdr-u\SDuRec\Recording
database already up to date

2021-07-22 16:47:02 +0200
avior dis, version 0.1.0 - tarantula
scan directory: \\vdr-u\SDuRec\Recording
database already up to date

2021-07-22 16:47:20 +0200
avior dis, version 0.1.0 - tarantula
scan directory: \\vdr-u\SDuRec\Recording
database already up to date

2021-07-22 16:48:58 +0200
avior dis, version 0.1.0 - tarantula
scan directory: \\vdr-u\SDuRec\Recording
database already up to date

2021-07-22 16:49:25 +0200
avior dis, version 0.1.0 - tarantula
scan directory: \\vdr-u\SDuRec\Recording
database already up to date

